<?xml version="1.0" encoding="UTF-8"?>
<robot generated="20170309 22:45:25.185" generator="Robot 3.0.2 (Python 2.7.13 on darwin)">
<suite source="/Users/adamsiudy/Documents/development/robot-scripts/demo/tests/amazon.robot" id="s1" name="Amazon">
<test id="s1-t1" name="User must sign in to check out">
<kw name="Open Browser" library="Selenium2Library">
<doc>Opens a new browser instance to given URL.</doc>
<arguments>
<arg>http://www.amazon.com</arg>
<arg>chrome</arg>
</arguments>
<msg timestamp="20170309 22:45:25.315" level="INFO">Opening browser 'chrome' to base url 'http://www.amazon.com'</msg>
<kw name="Capture Page Screenshot" library="Selenium2Library">
<doc>Takes a screenshot of the current page and embeds it into the log.</doc>
<msg timestamp="20170309 22:45:25.351" level="FAIL">No browser is open</msg>
<status status="FAIL" endtime="20170309 22:45:25.351" starttime="20170309 22:45:25.347"></status>
</kw>
<msg timestamp="20170309 22:45:25.351" level="WARN">Keyword 'Capture Page Screenshot' could not be run on failure: No browser is open</msg>
<msg timestamp="20170309 22:45:25.352" level="FAIL">WebDriverException: Message: 'chromedriver' executable needs to be in PATH. Please see https://sites.google.com/a/chromium.org/chromedriver/home
</msg>
<status status="FAIL" endtime="20170309 22:45:25.352" starttime="20170309 22:45:25.315"></status>
</kw>
<doc>This is some basic info about test</doc>
<tags>
<tag>Smoke</tag>
</tags>
<status status="FAIL" endtime="20170309 22:45:25.352" critical="yes" starttime="20170309 22:45:25.313">WebDriverException: Message: 'chromedriver' executable needs to be in PATH. Please see https://sites.google.com/a/chromium.org/chromedriver/home
</status>
</test>
<doc>This is some basic info about the whole suite</doc>
<status status="FAIL" endtime="20170309 22:45:25.354" starttime="20170309 22:45:25.190"></status>
</suite>
<statistics>
<total>
<stat fail="1" pass="0">Critical Tests</stat>
<stat fail="1" pass="0">All Tests</stat>
</total>
<tag>
<stat fail="1" pass="0">Smoke</stat>
</tag>
<suite>
<stat fail="1" id="s1" name="Amazon" pass="0">Amazon</stat>
</suite>
</statistics>
<errors>
<msg timestamp="20170309 22:45:25.351" level="WARN">Keyword 'Capture Page Screenshot' could not be run on failure: No browser is open</msg>
</errors>
</robot>
